<?xml version="1.0" encoding="UTF-8"?>
<testng-results ignored="0" total="1" passed="1" failed="0" skipped="0">
  <reporter-output>
  </reporter-output>
  <suite started-at="2020-03-15T16:36:04 EDT" name="Default suite" finished-at="2020-03-15T16:36:09 EDT" duration-ms="5378">
    <groups>
    </groups>
    <test started-at="2020-03-15T16:36:04 EDT" name="Default test" finished-at="2020-03-15T16:36:09 EDT" duration-ms="5378">
      <class name="allTest.HomePageTest">
        <test-method signature="gotoUrl()[pri:0, instance:allTest.HomePageTest@358c99f5]" started-at="2020-03-15T16:36:04 EDT" name="gotoUrl" finished-at="2020-03-15T16:36:09 EDT" duration-ms="5313" status="PASS">
          <reporter-output>
          </reporter-output>
        </test-method> <!-- gotoUrl -->
      </class> <!-- allTest.HomePageTest -->
    </test> <!-- Default test -->
  </suite> <!-- Default suite -->
</testng-results>
